<?xml version="1.0" encoding="UTF-8"?>
<!-- Generated by org.testng.reporters.JUnitReportReporter -->
<testsuite skipped="0" hostname="hp" name="twoBedroomSearchTest" tests="1" failures="0" timestamp="26 May 2017 13:10:09 GMT" time="60.192" errors="0">
  <testcase name="twoBedroomSearchTest" time="60.192" classname="twoBedroomSearchTest"/>
</testsuite> <!-- twoBedroomSearchTest -->
